<?xml version="1.0" encoding="UTF-8"?>
<!-- Generated by org.testng.reporters.JUnitReportReporter -->
<testsuite hostname="LAPTOP-S02GHNDO" failures="0" tests="1" name="com.testNG.TestAlerts" time="16.481" errors="0" timestamp="2021-12-18T16:43:00 CST" skipped="0">
  <testcase classname="com.testNG.TestAlerts" name="testingAlerts" time="16.481"/>
  <system-out/>
</testsuite> <!-- com.testNG.TestAlerts -->
