<?xml version="1.0" encoding="UTF-8"?>
<!-- Generated by org.testng.reporters.JUnitReportReporter -->
<testsuite hostname="LAPTOP-S02GHNDO" failures="0" tests="1" name="com.testNG.TestFrames" time="61.457" errors="0" timestamp="2021-12-21T09:50:38 CST" skipped="0">
  <testcase classname="com.testNG.TestFrames" name="testingFrames" time="61.457"/>
  <system-out/>
</testsuite> <!-- com.testNG.TestFrames -->
