<?xml version="1.0" encoding="UTF-8"?>
<!-- Generated by org.testng.reporters.JUnitReportReporter -->
<testsuite hostname="LAPTOP-S02GHNDO" failures="0" tests="1" name="com.testNG.TestAlerts1" time="11.331" errors="0" timestamp="2021-12-18T16:39:55 CST" skipped="0">
  <testcase classname="com.testNG.TestAlerts1" name="testingAlerts" time="11.331"/>
  <system-out/>
</testsuite> <!-- com.testNG.TestAlerts1 -->
