<?xml version="1.0" encoding="UTF-8"?>
<!-- Generated by org.testng.reporters.JUnitReportReporter -->
<testsuite hostname="LAPTOP-S02GHNDO" failures="0" tests="4" name="com.testNG.TestNGAnnotations" time="0.988" errors="0" timestamp="2021-12-18T04:43:34 CST" skipped="0">
  <testcase classname="com.testNG.TestNGAnnotations" name="ValidateOrderGlacierSunGlasses" time="0.502"/>
  <system-out/>
  <testcase classname="com.testNG.TestNGAnnotations" name="validateLaunchPageTitle" time="0.014"/>
  <system-out/>
  <testcase classname="com.testNG.TestNGAnnotations" name="validateGMOOnlinePage" time="0.408"/>
  <system-out/>
  <testcase classname="com.testNG.TestNGAnnotations" name="validateGrandTotal" time="0.064"/>
  <system-out/>
</testsuite> <!-- com.testNG.TestNGAnnotations -->
